0 info it worked if it ends with ok
1 verbose cli [ '/Users/joelsmith/.nvm/versions/io.js/v1.6.0/bin/iojs',
1 verbose cli   '/Users/joelsmith/.nvm/versions/io.js/v1.6.0/bin/npm',
1 verbose cli   'init' ]
2 info using npm@2.7.1
3 info using node@v1.6.0
4 silly package data undefined
5 info init written successfully
6 verbose stack Error: Invalid name: "npm install --save express"
6 verbose stack     at ensureValidName (/Users/joelsmith/.nvm/versions/io.js/v1.6.0/lib/node_modules/npm/node_modules/normalize-package-data/lib/fixer.js:322:15)
6 verbose stack     at Object.module.exports.fixNameField (/Users/joelsmith/.nvm/versions/io.js/v1.6.0/lib/node_modules/npm/node_modules/normalize-package-data/lib/fixer.js:211:5)
6 verbose stack     at /Users/joelsmith/.nvm/versions/io.js/v1.6.0/lib/node_modules/npm/node_modules/normalize-package-data/lib/normalize.js:30:38
6 verbose stack     at Array.forEach (native)
6 verbose stack     at normalize (/Users/joelsmith/.nvm/versions/io.js/v1.6.0/lib/node_modules/npm/node_modules/normalize-package-data/lib/normalize.js:29:15)
6 verbose stack     at final (/Users/joelsmith/.nvm/versions/io.js/v1.6.0/lib/node_modules/npm/node_modules/read-package-json/read-json.js:368:33)
6 verbose stack     at then (/Users/joelsmith/.nvm/versions/io.js/v1.6.0/lib/node_modules/npm/node_modules/read-package-json/read-json.js:127:33)
6 verbose stack     at gypfile_ (/Users/joelsmith/.nvm/versions/io.js/v1.6.0/lib/node_modules/npm/node_modules/read-package-json/read-json.js:159:43)
6 verbose stack     at /Users/joelsmith/.nvm/versions/io.js/v1.6.0/lib/node_modules/npm/node_modules/read-package-json/read-json.js:154:33
6 verbose stack     at f (/Users/joelsmith/.nvm/versions/io.js/v1.6.0/lib/node_modules/npm/node_modules/once/once.js:17:25)
7 verbose cwd /Users/joelsmith/Desktop/DigitalCrafts/Week_14/Service_Request_Backend
8 error Darwin 17.4.0
9 error argv "/Users/joelsmith/.nvm/versions/io.js/v1.6.0/bin/iojs" "/Users/joelsmith/.nvm/versions/io.js/v1.6.0/bin/npm" "init"
10 error node v1.6.0
11 error npm  v2.7.1
12 error Invalid name: "npm install --save express"
13 error If you need help, you may report this error at:
13 error     <https://github.com/npm/npm/issues>
14 verbose exit [ 1, true ]
